/* -*- crg -*- */
/* $Header$
**
** Report containing all key figures used in the optimiser cost function
**
*/

define(PADSMALL,(text noframe ""))
define(PAD,(text noframe 0 vspace ""))
define(PADFULL,(text noframe " "))
options
    text = noframe fixed;
    ascii = asctrimpage asctrimline;
    ascheight = 2000;
    fontdef roman7 = roman 7;
    fontdef roman7b = roman bold 7;
end

define(NameOfReport,Optimiser Statistics)

include(CRGInclude/optimiser_statistics_figures.output)
include(CRGInclude/optimiser_statistics_cost.output)

main:
box
  column
    (box figures),
    (box costs_main);
end
