/* -*- crg -*- 
 * $Header$
 *
 * Name:    optimiser_statistics_cost.output
 * Author:  Tomas Aronsson
 * Date:    Nov 2002
 *
 * Depends on cost function definitions
 */

cost_section_ix:
box
    repeat 40 times;
    make
        if roster_cost.%element_exist%(index(1), index) then
          element: 
	  row (text 53 roman7 left "%D.%D %D :", index(1), index, roster_cost.%element_name%(index(1), index)),
              (text nospace 10 roman7 right "%D", roster_cost.%total_element_cost%(index(1), index));
        end

    relate 
        if roster_cost.%element_exist%(index(1), index) then
	    column +element,element;
	end
    end

    column
      -+element,
      (row *, (column !,
      /*(text nospace 63 roman7b right " %D", roster_cost.%total_cost_ix%)));*/
	      (row (text 53 roman7 left "Total %D :", roster_cost.%section_name%(index)),
		   (text nospace 10 roman7 right "%D", roster_cost.%total_cost_section%(index))),
	       PADFULL));
end

cost_sections:
box
    repeat 11 times;
    make
        if roster_cost.%section_exist%(index) then
        cost_section:
        column
	  (row (text roman7b 53 left "%D Penalty for %D", index, roster_cost.%section_name%(index))),
	  PADFULL,
          (box cost_section_ix),
          PAD,
          page;
        end
    relate
        if roster_cost.%section_exist%(index) then
	    column +cost_section,cost_section;
	end
    end
    column -+cost_section;
end

costs_main:
box
  repeat foreach default_context;
  make
  column
    PADFULL,
    (row (text roman7b "Penalty for Rosters")),
    PADSMALL,
    (row frame (text space " "),
      (column PAD,
        PADFULL,
	(row (text roman7 "%D", roster_cost.%apcstat_comment%)),
	(box cost_sections),
        PADFULL,
	(row *, (column !!, 
	    (row 
		(text nospace 53 left roman7b "Total penalty for Rosters"),
		(text nospace 10 right roman7b "%D", roster_cost.%total_cost%)))),
      PAD),
    (text space " "));

  end
end
