/* -*- crg -*- 
 * $Header$
 *
 * Name:    Optimiser_statistics_cost.output
 * Author:  Tomas Aronsson
 * Date:    Nov 2002
 *
 * Depends on cost function definitions
 */

cost_section_unassigned:
box
    repeat 40 times;
    make
        if roster_cost.%exist_element_unassigned_ix% then
	    description: text 43 roman7 left "1.%D %D:", index, roster_cost.%name_unassigned_ix%;
	    instances: text nospace 10 roman7 right "(%D)", crg_roster_cost.%total_slots_unassigned_ix%;
	    cost: text nospace 10 roman7 right "%D", crg_roster_cost.%total_cost_unassigned_ix%;
	    row description, instances, cost;
        end

    relate
        if roster_cost.%exist_element_unassigned_ix% then
	    column +description,description;
	    column +instances,instances;
	    column +cost,cost;
	end
    end

    row frame
      (text space " "),
      (column PAD,
	(row 
	    (column PAD,-+description,!, PAD),
	    (column 
		(text roman7 right "(Instances)"),
		-+instances,!,
		(text nospace 5 roman7 right "(%D)", crg_roster_cost.%total_slots_unassigned%)),
	    (column
		(text roman7 right "Total cost"),
		-+cost,!,
		(text nospace 5 roman7b right " %2D", crg_roster_cost.%total_cost_unassigned%))),
	PAD),
	(text space " ");
end

unassigned:
box
  repeat foreach default_context;
  make
  column
    PADFULL,
    (row (text 53 left roman7b "Penalty for unassigned trips")),
    PADSMALL,
    (box cost_section_unassigned),
    page;
  end
end


