/* -*- crg -*- 
 * $Header$
 *
 * Name:    APC_statistics_cost.output
 * Author:  Tomas Aronsson
 * Date:    Nov 2002
 *
 * Depends on cost function definitions
 */


figures:
box
column
   PADFULL,
   (row (text 53 left roman7b "Key figures")),
   PADSMALL,
   (row frame (text space " "),
     (column PAD, chunk, PAD),
    (text space " ")
   ),
   page;

chunk: column
       (row (text 53  roman7 left "Single days off: "),*,
	    (c1: text 10  roman7 right "%D", roster_cost.%total_single_days_off%)),
       (row (text 53   roman7 left "1 day wops: "),*,
	    (c2: text 10 roman7 right "%D", roster_cost.%total_wops_of_days%(1))),
       (row (text 53  roman7 left "2 days wops: "),*,
	    (c3: text 10 roman7 right "%D", roster_cost.%total_wops_of_days%(2))),
       (row (text 53  roman7 left "3 days wops: "),*,
	    (c4: text 10 roman7 right "%D", roster_cost.%total_wops_of_days%(3))),
       (row (text 53  roman7 left "4 days wops: "),*,
	    (c5: text 10 roman7 right "%D", roster_cost.%total_wops_of_days%(4)));

  align [right] c1,c2,c3,c4,c5;
end



