/* -*- crc -*- 
** $Header$
**
**	Report showed when doing crew check-in / check-out
*/
options
	ascwidth=80;
end

schedule:
box
  repeat foreach iterators.leg_set;
  sort leg.%activity_scheduled_start_time_UTC%;
  where checkinout.%leg_in_schedule%;
  make
    leg: row (text NOFRAME "%D %Dz %D-%D %Dz %D",leg.%flight_name%, leg.%activity_scheduled_start_time_UTC%,leg.%start_station%,leg.%end_station%, leg.%activity_scheduled_end_time_UTC%, (if leg.%is_deadhead% then "DH" else "")),*;
  relate
    column +leg,leg;
  end
end

nextschedule:
box
  repeat foreach iterators.leg_set;
  sort leg.%activity_scheduled_start_time_UTC%;
  where checkinout.%leg_in_next_schedule%;
  make
    leg: row (text NOFRAME "%D %Dz %D-%D %Dz %D",leg.%flight_name%, leg.%activity_scheduled_start_time_UTC%,leg.%start_station%,leg.%end_station%, leg.%activity_scheduled_end_time_UTC%, (if leg.%is_deadhead% then "DH" else "")),*;
  relate
    column +leg,leg;
  end
end

box
  repeat foreach default_context;
  make
    repeat foreach iterators.roster_set;
    where crew.%id% = checkinout.%script_string1%;
    make
      crew_header: row (text NOFRAME "Crew: %s",
			crew.%id%),
		       *;

      today_schedule: row (box schedule),*;

      next_checkin: row (text NOFRAME "%s", checkinout.%next_checkin_string%),*;

      next_schedule: row (box nextschedule),*;

      flight_notes:
		row (text NOFRAME "Flight notes: "),*;
      crew_notes:
		row (text NOFRAME "Notifications: "),*;

      column crew_header, today_schedule, next_checkin, next_schedule, flight_notes, crew_notes;
    end
  end
end
