/* -*- crg -*- 
 *
 * $Header$
 *
 *
 ****************************************************
 Create reference (Max Roster) Table
------------------------------
*****************************************************/

options   
  text = noframe;
  ascii = asctrimpage; 
  ascwidth = 80;
end

define(NameOfReport, Reference roster output)
include(CRGInclude/Etab_header.inc)

etab_header_bottom: 
box
 fd: column 
                           
  (text "Using bids file: %D", bid.%table%),
  (text "Contains the maximum bid points a crew member can get if no"),
  (text "other crew is considered. (also incl positive and negative totals)"),
  (text " "),
  (text "\*\/");
  column fd, (text noframe 0x1 ""), *;
end

main: box
  repeat foreach default_context;
  make
     repeat foreach iterators.roster_set;
     make
        repeat bid.%crew_num_bids% times;
        make
          bid: text "\"%s\", %i, %i, %i, %i,", 
		crew.%id%, ix,
                if bid.%points%(ix) > 0 then
                  bid.%get_roster_granted_value_report%(ix)
                else 0,
                bid.%get_roster_granted_value_report%(ix)*bid.%points%(ix),
                0
                /* bids.%total_points_avoid_bid_ix% */; 
        relate
	  column +bid,page,bid;
        end

	crew: column (text "\"%s\", 0, %i, %i, %i,", 
		      crew.%id%, 
                      bid.%roster_points%,
                      bid.%roster_points%,
                      0
                      /* no avoid bids implemented
                      bids.%total_points_pos_bids%,
                      bids.%total_points_avoid_bids%
                      */), 
                     page, -+bid;
     relate
	column +crew,page,crew;
     end

    column 
         (row (box etab_header_top), *),
         (row (box etab_header_bottom), *),
         (text "5"),
         (text "SCrewId,"),
         (text "IBidNr,"),
         (text "IRosterPoints,"),
         (text "IRosterPointsReq,"),
         (text "IRosterPointsAvo,"),
	    -+crew;
  end
end
