    /* -*- crg -*- */
/******************************************************
CREW VALUES REPORT
-------------------------------------------------------

Use:
    This report creates an external table with some
    values for every person.


-------------------------------------------------------
Created:    1998-11-19
By:         S. Spjuth
*******************************************************/

options   
    text = noframe;
    ascii = asctrimpage; 
    ascwidth = 120;
end

hdr:
box
    column
	(text "6"), 
	(text "SCrewId,"),
	(text "SType,"),
	(text "SStr1,"),
	(text "IInt1,"),
	(text "AAbs1,"),
	(text "RRel1,"); 
end

one_crew:
box
    repeat studio_crew_values.%nr_of_c_values% times;
    make
	    sf:row
		(text 9 right  "\"%D\",",studio_crew_values.%c_id%),
	        (text 25 right "\"%D\",",studio_crew_values.%c_value_type_ix%), 
	        (text 10 right "\"%D\",",studio_crew_values.%c_string1_ix%), 
	        (text 6 right "%D,",studio_crew_values.%c_int1_ix%), 
	        (text 17 right "%D,",studio_crew_values.%c_abs1_ix%), 
	        (text 9 right "%D,",studio_crew_values.%c_rel1_ix%);
    relate 
	    column +sf,newpage,sf;
    end
end

one_func:
box
    repeat studio_crew_values.%nr_of_cf_values% times;
    make
	    sf:row
		(text 9 right  "\"%D\",",studio_crew_values.%cf_id%),
	        (text 25 right "\"%D\",",studio_crew_values.%cf_value_type_ix%), 
	        (text 10 right "\"%D\",",studio_crew_values.%cf_string1_ix%), 
	        (text 6 right "%D,",studio_crew_values.%cf_int1_ix%), 
	        (text 17 right "%D,",studio_crew_values.%cf_abs1_ix%), 
	        (text 9 right "%D,",studio_crew_values.%cf_rel1_ix%);
    relate 
	    column +sf,newpage,sf;
    end
end

g_values:
box
    repeat studio_crew_values.%nr_of_g_values% times;
    make
	    sf:row
		(text 9 right  "\"%D\",",studio_crew_values.%g_id%),
	        (text 25 right "\"%D\",",studio_crew_values.%g_value_type_ix%), 
	        (text 10 right "\"%D\",",studio_crew_values.%g_string1_ix%), 
	        (text 6 right "%D,",studio_crew_values.%g_int1_ix%), 
	        (text 17 right "%D,",studio_crew_values.%g_abs1_ix%), 
	        (text 9 right "%D,",studio_crew_values.%g_rel1_ix%);
    relate 
	    column +sf,newpage,sf;
    end
end

box
    repeat foreach sp_crew;
    make
	repeat foreach iterators.crew_seniority_group_set;
	make
	    repeat foreach iterators.crew_seniority_set;
	    sort studio_crew_values.%c_sort_order%;
	    make
		repeat foreach iterators.roster_set;
		where planning_area.%crew_is_in_planning_area%;
		make
		    one_row: row (box one_crew),*;
		relate
		    column +one_row,newpage,one_row;
		end
		tmp: column -+one_row;
	    relate 
		column +tmp,newpage,tmp;
	    end
            tmp1: row (box one_func),*;
	    tmp2: row (column -+tmp),*;
	relate
	    column +tmp1,tmp1 +tmp2,tmp2;
	end
	column (row (box hdr),*),(row (box g_values),*),-+tmp1,-+tmp2;
    end
end
