    /* -*- crg -*- */
/******************************************************
FAIRNESS SENIORITY FACTOR REPORT
-------------------------------------------------------

Use:
    This report creates an external table with the
    seniority factors for every person.


-------------------------------------------------------
Created:    1998-11-19
By:         S. Spjuth
*******************************************************/

options   
    text = noframe;
    ascii = asctrimpage; 
    ascwidth = 120;
end

hdr:
box
    column
	(text "5"), 
	(text "SCrewId,"),
	(text "SString1,"),
	(text "SString2,"),
	(text "IRosterWorkrate,"),
	(text "IPersonalWorkrate,");
end

one_element:
box
    row
	(text 9 right  "\"%D\",",crr_crew_id),
	(text 20 right "\"%D\",",fairness.%string1_ix%), 
        (text 10 right "\"%D\",",fairness.%string2_ix%), 
        (text 6 right "%D,",studio_fairness.%roster_workrate_ix%), 
        (text 6 right "%i,",studio_fairness.%personal_workrate_ix%);
end

one_crew:
box
    repeat 40 times;
    make
	if fairness.%distribute_ix% then
	    sf: row (box one_element),*;
	end
    relate 
	if fairness.%distribute_ix% then
	    column +sf,newpage,sf;
	end 
   end
end

box
    repeat foreach sp_crew;
    make
	repeat foreach iterators.roster_set;
	make
	    one_row: box one_crew;
	relate
	    column +one_row,newpage,one_row;
	end
	column (row (box hdr),*),-+one_row;
    end
end
