/* -*- crg -*- 
 *
 * $Header$
*/

/******************************************************
FAIRNESS TAGET VALUE REPORT
-------------------------------------------------------

Use:
    This report creates an external table with the
    normal target value.


-------------------------------------------------------
Created:    1998-11-19
By:         S. Spjuth
*******************************************************/

options   
    text = noframe;
    ascii = asctrimpage; 
    ascwidth = 120;
end

define(NameOfReport, Fairness targets)
include(CRGInclude/Etab_header.inc)

etab_header_bottom: 
box
 fd: column 
  (text "   Fairness targets for full time working crew"),
  (text "\*\/");
  column fd, (text noframe 0x1 ""), *;
end


hdr:
box
    column
	(text "9"), 
	(text "SString1,"),
	(text "SString2,"),
	(text "SCrewFunc,"),
	(text "IITarget,"),
	(text "RRTarget,"),
	(text "IOpenWork,"),
	(text "IAssignedWork,"), 
	(text "IFixedWork,"), 
	(text "ITotWorkrate,"); 
end

one_element:
box(rank)
  repeat foreach sp_crew_chains;
  make
    repeat 40 times;
    make
	if fairness.%distribute_ix% then
	    el:row
	        (text 20 right "\"%D\",",fairness.%string1_ix%), 
	        (text 10 right "\"%D\",",fairness.%string2_ix%), 
		(text 6 right  "\"%D\",", rank),
		(text 12 right "%D,",studio_fairness.%target_value_rank_int_ix%(rank)),
	        (text 10 right "%D,",studio_fairness.%target_value_rank_rel_ix%(rank)),
	        (text 12 right "%D,",studio_fairness.%open_work_ix%(rank)),
	        (text 12 right "%D,",studio_fairness.%preassigned_work_ix%(rank)),
	        (text 12 right "%D,",studio_fairness.%total_fixed_work_ix%(rank)),
	        (text 12 right "%D,",studio_fairness.%total_work_rate_ix%(rank));
	end
    relate 
	if fairness.%distribute_ix% then
	    column +el,newpage,el;
	end 
    end
  end
end

main:
box
    repeat foreach sp_crew_chains;
    make
        repeat foreach studio_fairness.crew_split_set;
	make
	    one_row: box one_element(fairness.%fairness_crew_main_func%);
	relate
	    column +one_row,newpage,one_row;
	end
	column 
           (row (box etab_header_top), *),
           (row (box etab_header_bottom), *),
           (row (box hdr),*),-+one_row;
            /* Add target for total, used by shared elements 
	   (row (box one_element("")), *);
           */
    end
end

