/* -*- crg -*- 
 * $Header$
 *
 ****************************************************
 Create Fast Select Table
 ------------------------------
 Requires: 
    levels.chain_set
 *****************************************************/

options   
  text = noframe;
  ascii = asctrimpage; 
  ascwidth = 2048;
end

define(NameOfReport, Temporary select filter)
include(CRGInclude/Etab_header.inc)

etab_header_bottom: 
box
 fd: column 
  (text "Temporary select filter to select the same crew in different plans."),
  (text " "),
  (text "\*\/");
  column fd, (text noframe 0x1 ""), *;
end

main: box
  repeat foreach default_context;
  make
     repeat foreach iterators.roster_set;
     make
	crew: text "\"%s\",", crew.%id%;
     relate
	column +crew,page,crew;
     end

    table_body:
      column -+crew;

    column 
         (row (box etab_header_top), *),
         (row (box etab_header_bottom), *),
         (text "1"),
         (text "SCrewId,"),
	 table_body;
  end
end
