/* -*- crg -*- 
*
* $Header$
*/
/**************************************************
 illegals.output.inc
***************************************************
Use:

  Debug report to analyze illegals in a convenient 
  way. Usefull to compare illegalites between
  studio and the alert generator
  Not for production use.

Org: Björn Samuelsson, 2005-09-06
**************************************************/

options
    ascwidth = 150;
end


box
  repeat foreach studio_iterators.chain_set;
  make
    repeat foreach failure;  
    make
      rule:text noframe "%s",ruleid;
    relate
      column +rule,page,rule;
    end
    persfail: column -+rule;
  relate
    column +persfail,page,persfail;
  end

  column (column -+persfail), (tag "EndOfReport");
end
