/* -*- crg -*- 
$Header$ 

 The report saves the new need value for all legs
*****************************************************/

options   
  text = noframe;
  ascii = asctrimpage; 
  ascheight = 1100;
  ascwidth = 300;
end

define(NameOfReport, Leg crew need etab)
include(CRGInclude/Etab_header.inc)


leg_set:
box
        repeat foreach iterators.unique_leg_set;
        where not leg.%is_deadhead%,
              not personal_activity,
              not hidden;
        sort leg.%code%, leg.%start_utc%; 
	make
              one_leg: text left "\"%D\", %D, %D, \"%D\", \"%D\", %D, %D, %D, %D, %D, %D, %D, %D, %D, %D, %D, %D, %D,",
                   leg.%code%, 
                   crg_date.%etab_abs%(leg.%start_utc%),
                   crg_date.%etab_abs%(leg.%end_utc%),
                   leg.%start_station%, 
                   leg.%end_station%,
                   leg.%flight_nr%,
                   booked_crew_position_1,
                   booked_crew_position_2,
                   booked_crew_position_3,
                   booked_crew_position_4,
                   booked_crew_position_5,
                   booked_crew_position_6,
                   booked_crew_position_7,
                   booked_crew_position_8,
                   booked_crew_position_9,
                   booked_crew_position_10,
                   booked_crew_position_11,
                   booked_crew_position_12;
	relate
	    column +one_leg,page,one_leg;
	end
end

main:
box
    repeat foreach sp_crrs;
    make
    trip_legs:
        row (box leg_set),*;
    relate
	column +trip_legs,page,trip_legs;
    end

    repeat foreach sp_crew_chains;
    make
        repeat foreach iterators.trip_set;
        where trip.%is_environment%;
        make
          e_trip_legs: row (box leg_set),*;
        relate
	  column +e_trip_legs,page,e_trip_legs;
        end
        env_trip_legs: column -+e_trip_legs;
    relate
        column +env_trip_legs,page,env_trip_legs;
    end

    all_legs:
    column -+trip_legs, -+env_trip_legs;

    column
	(row (box etab_header_top),*),
	(text left "*/"),
	(text left "18"),
	(text left "Scode,"),
        (text left "Astart,"),
        (text left "Aend,"),
	(text left "SdepStation,"),
	(text left "SarrStation,"),
	(text left "IflightNr,"),
	(text left "IneedInPos1,"), 
	(text left "IneedInPos2,"), 
	(text left "IneedInPos3,"), 
	(text left "IneedInPos4,"), 
	(text left "IneedInPos5,"), 
	(text left "IneedInPos6,"), 
	(text left "IneedInPos7,"), 
	(text left "IneedInPos8,"), 
	(text left "IneedInPos9,"), 
	(text left "IneedInPos10,"), 
	(text left "IneedInPos11,"), 
	(text left "IneedInPos12,"), 
	(text left " "), 
	all_legs;

end

