/* -*- crg -*- */
/*
**	$Header$
**
**	Report for status window.
*/

options
  ascwidth = 70;
  text = NOFRAME;
  text = left;
  ascheight = 4;
end

box
    /*repeat foreach default_context;
    make*/
	column
	/*(row (text noframe "Period: %-20s Rule set: %s", crg_info.%period%, crg_info.%rule_set%), *),
	(row (text noframe "Plan: %s", crg_info.%plan_name%), *),*/
	(row (text noframe "Period: %s", crg_info.%period%), *),
	(row (text noframe "Storage: %s", crg_info.%plan_storage%),*),
	(row (text noframe "Planning area crew: %s", crg_info.%planning_area_crew%), *),
	(row (text noframe "Planning area trip: %s", crg_info.%planning_area_trip%), *);
    /*end*/
end
