/* -*- crg -*- 
 * $Header$
 * 
 * Dynamic report with crew info.
 *
 * [acosta:08/102@13:08] "mini" version to be used for Pre-Studio.
 */

options
    text = noframe;
    ascwidth = 107;
    ascheight = 4;
end

training: box
    column
        (row (text "%s", crg_info.%training_row1%), *),
        (row (text "%s", crg_info.%training_row2%), *),
        (row (text "%s", crg_info.%training_row3%), *),
        (row (text "%s", crg_info.%training_row4%), *);
end

box
    repeat foreach default_context; 
    make
        row
            (column
                (row 
                    (text "%-24s %-5s (%-5s)  %-4s %-10s %-8s %-3s Sen: %-5s",
                        crg_info.%crew_name%, crg_info.%empno%, crg_info.%crew_id%,
                        crg_info.%rank%, crg_info.%part_time_factor%, crg_info.%group%,
                        crg_info.%homebase%, crg_info.%seniority%), *),
                (row 
                    (text "AC Quals: %-14s %-30s", crg_info.%ac_quals%,
                        crg_info.%fdays_phone%), *),
                (row 
                    (text "Annotations: %s", crg_info.%annotations%), *)
            ),
            (box training);
    end
end

/* eof */
