/* -*- crg -*- 
 * 
 * $Header$
 * 
 * Dynamic report for trip header
 *******************************************************/

options
  text = noframe;
  ascwidth = 200;
  ascheight = 4;
end

broken_rules:
box
  repeat foreach failure;  
  make
    a1: column (text right max 30 " %s", rulename);
  relate
    row +a1, a1;
  end
  if studio_config.%rulefailure% then 
    row (text "Broken rules: "), -+a1;
  end
end  


box
  repeat foreach default_context; 
  make
    column
      (row (text "Name: %-10s    Base: %-3s",
              default(trip.%name%, "N/A"),
              default(trip.%homebase%, "N/A")), *),
      (row (text "Duty: %6D   Duty Days: %2D",
              default(report_common.%trip_duty_time%, 0:00),
              default(trip.%days%, 0)), *),
      (row (box broken_rules), *);
  end
end

