/* -*- crg -*- */

/*
 * $Header$
 *
 * Purpose:
 *   Report for showing flight-data in info-window.
 * 
 * Created by:
 *   Extracted from the Carmen Standard User, 07-Dec-2005
 *
 * Major changes:
 *   Adapted the report to match SAS crew positions and adjusted the layout, HenrikA 12-Dec-2005
 *
 */

options
    text = noframe;
    ascwidth = 100;
    ascheight = 4;
end

leftColumn: 
box
    column
	(row (text "%-11s at %-3s   ",
	    crg_info.%pact_ground_name%, crg_info.%airport%), *),
	(row (text "%-6s %-11s",
	    crg_info.%time_h1%, crg_info.%time_1%), *),
	(row (text "%-6s %-11s",
	    crg_info.%time_h2%, crg_info.%time_2%), *),
	(row (text "Changes: %-11s",
	    crg_info.%changes%), *);
end

midColumn: 
box
    column
	(row (text "LEG  FLT %5s  CNX %5s   P90 %5s   ",
	    crg_info.%leg_time%, crg_info.%leg_cnx%, crg_info.%points_90%), *),
	(row (text "DUTY DUT %5s  CNX %5s  REST %5s",
	    crg_info.%duty_time%, crg_info.%duty_cnx%, crg_info.%duty_rest%), *);
end

rightColumn: 
box
    column
	(row (text "Pos: %-2s %-5s",
	    crg_info.%pos%, crg_info.%duty_code%), *),
	(row (text "%s", crg_info.%rc_line2%), *),
	(row (text "%s", crg_info.%rc_line3%), *),
	(row (text "%s", crg_info.%rc_line4%), *);
end
    
box
  repeat foreach default_context; 
  make
    row
    (box leftColumn),
    (box midColumn),
    (box rightColumn);
  end
end
