/* -*- crg -*- 
 * $Header$
 * 
 * Dynamic report with crew info.
 *
 * [acosta:08/102@13:08] "mini" version to be used for Pre-Studio.
 */

options
    text = noframe;
    ascwidth = 107;
    ascheight = 4;
end

left_column:
box
   column
   	(row (text "%s", default(crg_info.%crew_name%, "")),*),
      	(row (text "Aircraft qual: %s     ", default(crg_info.%aircraft_qlns%,"")), *);
end

middle_column:
box
	column
	 (row (text "%-5s (%-5s)", default(crg_info.%empno%,""), default(crg_info.%crew_id%,"")),*),
         (row (text "Block time next 28 days: %s    ", default(crg_info.%block_time_in_following_28_days%,"")),*);
end

right_column:
box
	column
		(row (text "   "),*),
		(row (text "Block time current year: %s", default(crg_info.%block_time_in_full_calendar_year%,"")),*);
		
end

box		
	repeat foreach default_context; 
    	make
    		row (box left_column), (box middle_column), (box right_column);
    	end
end

/* eof */
