air1_origsuffix
sas_accounts
sas_admin
sas_air_aircraft
sas_air_core
sas_air_crew
sas_hotel_bookings
sas_transport_bookings
sas_air_tracking
sas_annotations
sas_attributes
sas_base_breaks
sas_bought_days
sas_calloutlist
sas_checkin
sas_cp_bid
sas_crew_meals
sas_crew_needs
sas_crew_user_filter
sas_dig_recipients
sas_financial
sas_handover_reports
sas_integration
sas_training
sas_legality
sas_nop_crew
sas_notification
sas_passive_bookings
sas_paxlst
sas_planning
sas_published
sas_rave
sas_rule_violation
sas_special_local_transport
sas_special_schedules
sas_standby
sas_table_accumulators
sas_indexes
sas_training_cnx_time
