# basic modules
branching udm.01.05
rave udm.01.05
air_core udm.01.05
air_crew udm.01.05
air_aircraft udm.01.05
#special for manpower
air_manpower udm.01.05
#special for training
air_training udm.01.05
#special for planning
air_planning udm.01.05
# special for tracking
air_tracking udm.01.05
# special for operations control
air_iocs udm.01.05
air_airport udm.01.05
 
# SAS extensions below
sas_air_core
sas_air_crew
sas_air_aircraft
sas_air_tracking
sas_temp_dtabs
sas_checkin
sas_annotations
sas_comp_days
sas_crew_needs
sas_admin
sas_financial
sas_calloutlist
sas_notification
sas_crew_meals
sas_special_schedules
sas_paxlst
sas_hotel_bookings
sas_passive_bookings
sas_nop_crew
sas_legality
sas_standby
